<?xml version="1.0" encoding="UTF-8"?>
<testsuite name="RecipesApplicationTest" tests="1" skipped="0" failures="0" errors="0" timestamp="2022-08-23T15:48:53" hostname="DESKTOP-6RB4JBO" time="14.936">
  <properties/>
  <testcase name="start" classname="RecipesApplicationTest" time="14.936"/>
  <system-out><![CDATA[?[1;31m
Start test 1?[0m

  .   ____          _            __ _ _
 /\\ / ___'_ __ _ _(_)_ __  __ _ \ \ \ \
( ( )\___ | '_ | '_| | '_ \/ _` | \ \ \ \
 \\/  ___)| |_)| | | | | || (_| |  ) ) ) )
  '  |____| .__|_| |_|_| |_\__, | / / / /
 =========|_|==============|___/=/_/_/_/
 :: Spring Boot ::                (v2.5.6)

2022-08-23 17:48:54.750  INFO 8724 --- [    Test worker] recipes.RecipesApplication               : Starting RecipesApplication using Java 17.0.3.1 on DESKTOP-6RB4JBO with PID 8724 (started by Korisnik in C:\Users\Korisnik\Desktop\Recepies\Recipes\Recipes\task)
2022-08-23 17:48:54.756  INFO 8724 --- [    Test worker] recipes.RecipesApplication               : No active profile set, falling back to default profiles: default
2022-08-23 17:48:56.723  INFO 8724 --- [    Test worker] .s.d.r.c.RepositoryConfigurationDelegate : Bootstrapping Spring Data JPA repositories in DEFAULT mode.
2022-08-23 17:48:56.864  INFO 8724 --- [    Test worker] .s.d.r.c.RepositoryConfigurationDelegate : Finished Spring Data repository scanning in 121 ms. Found 4 JPA repository interfaces.
2022-08-23 17:48:57.946  INFO 8724 --- [    Test worker] o.s.b.w.embedded.tomcat.TomcatWebServer  : Tomcat initialized with port(s): 8080 (http)
2022-08-23 17:48:57.966  INFO 8724 --- [    Test worker] o.apache.catalina.core.StandardService   : Starting service [Tomcat]
2022-08-23 17:48:57.967  INFO 8724 --- [    Test worker] org.apache.catalina.core.StandardEngine  : Starting Servlet engine: [Apache Tomcat/9.0.54]
2022-08-23 17:48:58.194  INFO 8724 --- [    Test worker] o.a.c.c.C.[Tomcat].[localhost].[/]       : Initializing Spring embedded WebApplicationContext
2022-08-23 17:48:58.194  INFO 8724 --- [    Test worker] w.s.c.ServletWebServerApplicationContext : Root WebApplicationContext: initialization completed in 3337 ms
2022-08-23 17:48:58.411  INFO 8724 --- [    Test worker] com.zaxxer.hikari.HikariDataSource       : HikariPool-1 - Starting...
2022-08-23 17:48:58.805  INFO 8724 --- [    Test worker] com.zaxxer.hikari.HikariDataSource       : HikariPool-1 - Start completed.
2022-08-23 17:48:58.818  INFO 8724 --- [    Test worker] o.s.b.a.h2.H2ConsoleAutoConfiguration    : H2 console available at '/h2-console'. Database available at 'jdbc:postgresql://localhost:5432/postgres'
2022-08-23 17:48:59.246  INFO 8724 --- [    Test worker] o.hibernate.jpa.internal.util.LogHelper  : HHH000204: Processing PersistenceUnitInfo [name: default]
2022-08-23 17:48:59.416  INFO 8724 --- [    Test worker] org.hibernate.Version                    : HHH000412: Hibernate ORM core version 5.4.32.Final
2022-08-23 17:48:59.692  INFO 8724 --- [    Test worker] o.hibernate.annotations.common.Version   : HCANN000001: Hibernate Commons Annotations {5.1.2.Final}
2022-08-23 17:48:59.975  INFO 8724 --- [    Test worker] org.hibernate.dialect.Dialect            : HHH000400: Using dialect: org.hibernate.dialect.PostgreSQL10Dialect
2022-08-23 17:49:01.244  INFO 8724 --- [    Test worker] o.h.e.t.j.p.i.JtaPlatformInitiator       : HHH000490: Using JtaPlatform implementation: [org.hibernate.engine.transaction.jta.platform.internal.NoJtaPlatform]
2022-08-23 17:49:01.256  INFO 8724 --- [    Test worker] j.LocalContainerEntityManagerFactoryBean : Initialized JPA EntityManagerFactory for persistence unit 'default'
2022-08-23 17:49:02.098  WARN 8724 --- [    Test worker] JpaBaseConfiguration$JpaWebConfiguration : spring.jpa.open-in-view is enabled by default. Therefore, database queries may be performed during view rendering. Explicitly configure spring.jpa.open-in-view to disable this warning
2022-08-23 17:49:03.016  INFO 8724 --- [    Test worker] o.s.b.a.e.web.EndpointLinksResolver      : Exposing 14 endpoint(s) beneath base path '/actuator'
2022-08-23 17:49:03.078  INFO 8724 --- [    Test worker] o.s.b.w.embedded.tomcat.TomcatWebServer  : Tomcat started on port(s): 8080 (http) with context path ''
2022-08-23 17:49:03.102  INFO 8724 --- [    Test worker] recipes.RecipesApplication               : Started RecipesApplication in 9.223 seconds (JVM running for 11.146)
2022-08-23 17:49:03.654  INFO 8724 --- [nio-8080-exec-1] o.a.c.c.C.[Tomcat].[localhost].[/]       : Initializing Spring DispatcherServlet 'dispatcherServlet'
2022-08-23 17:49:03.654  INFO 8724 --- [nio-8080-exec-1] o.s.web.servlet.DispatcherServlet        : Initializing Servlet 'dispatcherServlet'
2022-08-23 17:49:03.657  INFO 8724 --- [nio-8080-exec-1] o.s.web.servlet.DispatcherServlet        : Completed initialization in 3 ms
?[1;31m
Start test 2?[0m
?[1;31m
Start test 3?[0m
2022-08-23 17:49:04.487  INFO 8724 --- [nio-8080-exec-3] r.infrastructure.mappers.RecipeMapper    : eeevoo mee
2022-08-23 17:49:04.488  INFO 8724 --- [nio-8080-exec-3] r.infrastructure.mappers.RecipeMapper    : eeevoo mee
2022-08-23 17:49:04.488  INFO 8724 --- [nio-8080-exec-3] r.infrastructure.mappers.RecipeMapper    : eeevoo mee
?[1;31m
Start test 4?[0m
2022-08-23 17:49:04.519  INFO 8724 --- [nio-8080-exec-4] r.infrastructure.mappers.RecipeMapper    : eeevoo mee
2022-08-23 17:49:04.519  INFO 8724 --- [nio-8080-exec-4] r.infrastructure.mappers.RecipeMapper    : eeevoo mee
2022-08-23 17:49:04.519  INFO 8724 --- [nio-8080-exec-4] r.infrastructure.mappers.RecipeMapper    : eeevoo mee
?[1;31m
Start test 5?[0m
2022-08-23 17:49:05.092  INFO 8724 --- [       Thread-4] j.LocalContainerEntityManagerFactoryBean : Closing JPA EntityManagerFactory for persistence unit 'default'
2022-08-23 17:49:05.094  INFO 8724 --- [       Thread-4] com.zaxxer.hikari.HikariDataSource       : HikariPool-1 - Shutdown initiated...
2022-08-23 17:49:05.099  INFO 8724 --- [       Thread-4] com.zaxxer.hikari.HikariDataSource       : HikariPool-1 - Shutdown completed.

  .   ____          _            __ _ _
 /\\ / ___'_ __ _ _(_)_ __  __ _ \ \ \ \
( ( )\___ | '_ | '_| | '_ \/ _` | \ \ \ \
 \\/  ___)| |_)| | | | | || (_| |  ) ) ) )
  '  |____| .__|_| |_|_| |_\__, | / / / /
 =========|_|==============|___/=/_/_/_/
 :: Spring Boot ::                (v2.5.6)

2022-08-23 17:49:05.146  INFO 8724 --- [    Test worker] recipes.RecipesApplication               : Starting RecipesApplication using Java 17.0.3.1 on DESKTOP-6RB4JBO with PID 8724 (started by Korisnik in C:\Users\Korisnik\Desktop\Recepies\Recipes\Recipes\task)
2022-08-23 17:49:05.146  INFO 8724 --- [    Test worker] recipes.RecipesApplication               : No active profile set, falling back to default profiles: default
2022-08-23 17:49:05.566  INFO 8724 --- [    Test worker] .s.d.r.c.RepositoryConfigurationDelegate : Bootstrapping Spring Data JPA repositories in DEFAULT mode.
2022-08-23 17:49:05.581  INFO 8724 --- [    Test worker] .s.d.r.c.RepositoryConfigurationDelegate : Finished Spring Data repository scanning in 14 ms. Found 4 JPA repository interfaces.
2022-08-23 17:49:05.696  INFO 8724 --- [    Test worker] o.s.b.w.embedded.tomcat.TomcatWebServer  : Tomcat initialized with port(s): 8080 (http)
2022-08-23 17:49:05.699  INFO 8724 --- [    Test worker] o.apache.catalina.core.StandardService   : Starting service [Tomcat]
2022-08-23 17:49:05.700  INFO 8724 --- [    Test worker] org.apache.catalina.core.StandardEngine  : Starting Servlet engine: [Apache Tomcat/9.0.54]
2022-08-23 17:49:05.741  INFO 8724 --- [    Test worker] o.a.c.c.C.[Tomcat].[localhost].[/]       : Initializing Spring embedded WebApplicationContext
2022-08-23 17:49:05.742  INFO 8724 --- [    Test worker] w.s.c.ServletWebServerApplicationContext : Root WebApplicationContext: initialization completed in 593 ms
2022-08-23 17:49:05.783  INFO 8724 --- [    Test worker] com.zaxxer.hikari.HikariDataSource       : HikariPool-2 - Starting...
2022-08-23 17:49:05.799  INFO 8724 --- [    Test worker] com.zaxxer.hikari.HikariDataSource       : HikariPool-2 - Start completed.
2022-08-23 17:49:05.799  INFO 8724 --- [    Test worker] o.s.b.a.h2.H2ConsoleAutoConfiguration    : H2 console available at '/h2-console'. Database available at 'jdbc:postgresql://localhost:5432/postgres'
2022-08-23 17:49:05.848  INFO 8724 --- [    Test worker] o.hibernate.jpa.internal.util.LogHelper  : HHH000204: Processing PersistenceUnitInfo [name: default]
2022-08-23 17:49:05.859  INFO 8724 --- [    Test worker] org.hibernate.dialect.Dialect            : HHH000400: Using dialect: org.hibernate.dialect.PostgreSQL10Dialect
2022-08-23 17:49:06.098  INFO 8724 --- [    Test worker] o.h.e.t.j.p.i.JtaPlatformInitiator       : HHH000490: Using JtaPlatform implementation: [org.hibernate.engine.transaction.jta.platform.internal.NoJtaPlatform]
2022-08-23 17:49:06.099  INFO 8724 --- [    Test worker] j.LocalContainerEntityManagerFactoryBean : Initialized JPA EntityManagerFactory for persistence unit 'default'
2022-08-23 17:49:06.243  WARN 8724 --- [    Test worker] JpaBaseConfiguration$JpaWebConfiguration : spring.jpa.open-in-view is enabled by default. Therefore, database queries may be performed during view rendering. Explicitly configure spring.jpa.open-in-view to disable this warning
2022-08-23 17:49:06.581  INFO 8724 --- [    Test worker] o.s.b.a.e.web.EndpointLinksResolver      : Exposing 14 endpoint(s) beneath base path '/actuator'
2022-08-23 17:49:06.599  INFO 8724 --- [    Test worker] o.s.b.w.embedded.tomcat.TomcatWebServer  : Tomcat started on port(s): 8080 (http) with context path ''
2022-08-23 17:49:06.607  INFO 8724 --- [    Test worker] recipes.RecipesApplication               : Started RecipesApplication in 1.498 seconds (JVM running for 14.651)
?[1;31m
Start test 6?[0m
2022-08-23 17:49:06.616  INFO 8724 --- [nio-8080-exec-1] o.a.c.c.C.[Tomcat].[localhost].[/]       : Initializing Spring DispatcherServlet 'dispatcherServlet'
2022-08-23 17:49:06.618  INFO 8724 --- [nio-8080-exec-1] o.s.web.servlet.DispatcherServlet        : Initializing Servlet 'dispatcherServlet'
2022-08-23 17:49:06.619  INFO 8724 --- [nio-8080-exec-1] o.s.web.servlet.DispatcherServlet        : Completed initialization in 1 ms
2022-08-23 17:49:06.633  INFO 8724 --- [nio-8080-exec-1] r.infrastructure.mappers.RecipeMapper    : eeevoo mee
2022-08-23 17:49:06.633  INFO 8724 --- [nio-8080-exec-1] r.infrastructure.mappers.RecipeMapper    : eeevoo mee
2022-08-23 17:49:06.633  INFO 8724 --- [nio-8080-exec-1] r.infrastructure.mappers.RecipeMapper    : eeevoo mee
?[1;31m
Start test 7?[0m
2022-08-23 17:49:06.660  INFO 8724 --- [nio-8080-exec-2] r.infrastructure.mappers.RecipeMapper    : eeevoo mee
2022-08-23 17:49:06.661  INFO 8724 --- [nio-8080-exec-2] r.infrastructure.mappers.RecipeMapper    : eeevoo mee
2022-08-23 17:49:06.661  INFO 8724 --- [nio-8080-exec-2] r.infrastructure.mappers.RecipeMapper    : eeevoo mee
?[1;31m
Start test 8?[0m
2022-08-23 17:49:06.707  INFO 8724 --- [nio-8080-exec-3] r.domain.recipe.service.RecipeService    : recipe for update prosao
2022-08-23 17:49:06.723  INFO 8724 --- [nio-8080-exec-3] r.domain.recipe.service.RecipeService    : recipe for update set name desc date
2022-08-23 17:49:06.727  INFO 8724 --- [nio-8080-exec-3] r.domain.recipe.service.RecipeService    : recipe for update set category
2022-08-23 17:49:06.727  INFO 8724 --- [nio-8080-exec-3] r.domain.recipe.service.RecipeService    : recipe for update set ingredients
2022-08-23 17:49:06.727  INFO 8724 --- [nio-8080-exec-3] r.domain.recipe.service.RecipeService    : recipe for update set directions
2022-08-23 17:49:06.777  INFO 8724 --- [nio-8080-exec-3] recipes.web.RecipeController             : update
?[1;31m
Start test 9?[0m
2022-08-23 17:49:06.791  INFO 8724 --- [nio-8080-exec-6] r.infrastructure.mappers.RecipeMapper    : eeevoo mee
2022-08-23 17:49:06.799  INFO 8724 --- [nio-8080-exec-6] r.infrastructure.mappers.RecipeMapper    : eeevoo mee
2022-08-23 17:49:06.799  INFO 8724 --- [nio-8080-exec-6] r.infrastructure.mappers.RecipeMapper    : eeevoo mee
?[1;31m
Start test 10?[0m
?[1;31m
Start test 11?[0m
?[1;31m
Start test 12?[0m
?[1;31m
Start test 13?[0m
?[1;31m
Start test 14?[0m
?[1;31m
Start test 15?[0m
?[1;31m
Start test 16?[0m
?[1;31m
Start test 17?[0m
?[1;31m
Start test 18?[0m
?[1;31m
Start test 19?[0m
?[1;31m
Start test 20?[0m
?[1;31m
Start test 21?[0m
?[1;31m
Start test 22?[0m
?[1;31m
Start test 23?[0m
?[1;31m
Start test 24?[0m
?[1;31m
Start test 25?[0m
?[1;31m
Start test 26?[0m
?[1;31m
Start test 27?[0m
2022-08-23 17:49:07.845  INFO 8724 --- [nio-8080-exec-4] recipes.web.RecipeController             : search
2022-08-23 17:49:07.871  INFO 8724 --- [nio-8080-exec-4] r.infrastructure.mappers.RecipeMapper    : eeevoo mee
2022-08-23 17:49:07.871  INFO 8724 --- [nio-8080-exec-4] r.infrastructure.mappers.RecipeMapper    : eeevoo mee
2022-08-23 17:49:07.871  INFO 8724 --- [nio-8080-exec-4] r.infrastructure.mappers.RecipeMapper    : eeevoo mee
2022-08-23 17:49:07.875  INFO 8724 --- [nio-8080-exec-4] r.infrastructure.mappers.RecipeMapper    : eeevoo mee
2022-08-23 17:49:07.875  INFO 8724 --- [nio-8080-exec-4] r.infrastructure.mappers.RecipeMapper    : eeevoo mee
2022-08-23 17:49:07.879  INFO 8724 --- [nio-8080-exec-4] r.infrastructure.mappers.RecipeMapper    : eeevoo mee
2022-08-23 17:49:07.879  INFO 8724 --- [nio-8080-exec-4] r.infrastructure.mappers.RecipeMapper    : eeevoo mee
2022-08-23 17:49:07.884  INFO 8724 --- [nio-8080-exec-4] r.infrastructure.mappers.RecipeMapper    : eeevoo mee
2022-08-23 17:49:07.884  INFO 8724 --- [nio-8080-exec-4] r.infrastructure.mappers.RecipeMapper    : eeevoo mee
2022-08-23 17:49:07.884  INFO 8724 --- [nio-8080-exec-4] r.infrastructure.mappers.RecipeMapper    : eeevoo mee
2022-08-23 17:49:07.888  INFO 8724 --- [nio-8080-exec-4] r.infrastructure.mappers.RecipeMapper    : eeevoo mee
2022-08-23 17:49:07.888  INFO 8724 --- [nio-8080-exec-4] r.infrastructure.mappers.RecipeMapper    : eeevoo mee
2022-08-23 17:49:07.888  INFO 8724 --- [nio-8080-exec-4] r.infrastructure.mappers.RecipeMapper    : eeevoo mee
2022-08-23 17:49:07.893  INFO 8724 --- [nio-8080-exec-4] r.infrastructure.mappers.RecipeMapper    : eeevoo mee
2022-08-23 17:49:07.893  INFO 8724 --- [nio-8080-exec-4] r.infrastructure.mappers.RecipeMapper    : eeevoo mee
2022-08-23 17:49:07.893  INFO 8724 --- [nio-8080-exec-4] r.infrastructure.mappers.RecipeMapper    : eeevoo mee
2022-08-23 17:49:07.898  INFO 8724 --- [nio-8080-exec-4] r.infrastructure.mappers.RecipeMapper    : eeevoo mee
2022-08-23 17:49:07.898  INFO 8724 --- [nio-8080-exec-4] r.infrastructure.mappers.RecipeMapper    : eeevoo mee
2022-08-23 17:49:07.899  INFO 8724 --- [nio-8080-exec-4] r.infrastructure.mappers.RecipeMapper    : eeevoo mee
?[1;31m
Start test 28?[0m
2022-08-23 17:49:07.916  INFO 8724 --- [nio-8080-exec-3] recipes.web.RecipeController             : search
2022-08-23 17:49:07.936  INFO 8724 --- [nio-8080-exec-3] r.infrastructure.mappers.RecipeMapper    : eeevoo mee
2022-08-23 17:49:07.936  INFO 8724 --- [nio-8080-exec-3] r.infrastructure.mappers.RecipeMapper    : eeevoo mee
2022-08-23 17:49:07.936  INFO 8724 --- [nio-8080-exec-3] r.infrastructure.mappers.RecipeMapper    : eeevoo mee
2022-08-23 17:49:07.940  INFO 8724 --- [nio-8080-exec-3] r.infrastructure.mappers.RecipeMapper    : eeevoo mee
2022-08-23 17:49:07.940  INFO 8724 --- [nio-8080-exec-3] r.infrastructure.mappers.RecipeMapper    : eeevoo mee
2022-08-23 17:49:07.944  INFO 8724 --- [nio-8080-exec-3] r.infrastructure.mappers.RecipeMapper    : eeevoo mee
2022-08-23 17:49:07.944  INFO 8724 --- [nio-8080-exec-3] r.infrastructure.mappers.RecipeMapper    : eeevoo mee
2022-08-23 17:49:07.950  INFO 8724 --- [nio-8080-exec-3] r.infrastructure.mappers.RecipeMapper    : eeevoo mee
2022-08-23 17:49:07.950  INFO 8724 --- [nio-8080-exec-3] r.infrastructure.mappers.RecipeMapper    : eeevoo mee
2022-08-23 17:49:07.950  INFO 8724 --- [nio-8080-exec-3] r.infrastructure.mappers.RecipeMapper    : eeevoo mee
2022-08-23 17:49:07.957  INFO 8724 --- [nio-8080-exec-3] r.infrastructure.mappers.RecipeMapper    : eeevoo mee
2022-08-23 17:49:07.958  INFO 8724 --- [nio-8080-exec-3] r.infrastructure.mappers.RecipeMapper    : eeevoo mee
2022-08-23 17:49:07.958  INFO 8724 --- [nio-8080-exec-3] r.infrastructure.mappers.RecipeMapper    : eeevoo mee
2022-08-23 17:49:07.964  INFO 8724 --- [nio-8080-exec-3] r.infrastructure.mappers.RecipeMapper    : eeevoo mee
2022-08-23 17:49:07.964  INFO 8724 --- [nio-8080-exec-3] r.infrastructure.mappers.RecipeMapper    : eeevoo mee
2022-08-23 17:49:07.964  INFO 8724 --- [nio-8080-exec-3] r.infrastructure.mappers.RecipeMapper    : eeevoo mee
[RecipeDto(name=15 recipe test ice-CREAM, description=-, category=Dessert, dateTime=2022-08-23T15:49:07.802077, ingredients=[-, ---', -----], directions=[---, -]), RecipeDto(name=ice-cream, description=-, category=DESSERT, dateTime=2022-08-23T15:49:07.742519, ingredients=[----, --], directions=[-, --, -]), RecipeDto(name=11 ice-creamrecipe test, description=-, category=veryDessert, dateTime=2022-08-23T15:49:07.600677, ingredients=[-, --], directions=[-----, -, ---]), RecipeDto(name=ICE-CREAM, description=----, category=desserT, dateTime=2022-08-23T15:49:07.151061, ingredients=[-, -, --], directions=[---, --, --]), RecipeDto(name=recipe ice-cream 5, description=---, category=Desser, dateTime=2022-08-23T15:49:07.030027, ingredients=[-, --, -], directions=[-, --, ---]), RecipeDto(name=ice-cream, description=-, category=Dessert, dateTime=2022-08-23T15:49:06.909895, ingredients=[--, ---, -], directions=[----, ---])]
2022-08-23 17:49:07.981  INFO 8724 --- [nio-8080-exec-3] r.infrastructure.mappers.RecipeMapper    : eeevoo mee
2022-08-23 17:49:07.981  INFO 8724 --- [nio-8080-exec-3] r.infrastructure.mappers.RecipeMapper    : eeevoo mee
2022-08-23 17:49:07.982  INFO 8724 --- [nio-8080-exec-3] r.infrastructure.mappers.RecipeMapper    : eeevoo mee
2022-08-23 17:49:07.982  INFO 8724 --- [nio-8080-exec-3] r.infrastructure.mappers.RecipeMapper    : eeevoo mee
2022-08-23 17:49:07.982  INFO 8724 --- [nio-8080-exec-3] r.infrastructure.mappers.RecipeMapper    : eeevoo mee
2022-08-23 17:49:07.982  INFO 8724 --- [nio-8080-exec-3] r.infrastructure.mappers.RecipeMapper    : eeevoo mee
2022-08-23 17:49:07.982  INFO 8724 --- [nio-8080-exec-3] r.infrastructure.mappers.RecipeMapper    : eeevoo mee
2022-08-23 17:49:07.982  INFO 8724 --- [nio-8080-exec-3] r.infrastructure.mappers.RecipeMapper    : eeevoo mee
2022-08-23 17:49:07.982  INFO 8724 --- [nio-8080-exec-3] r.infrastructure.mappers.RecipeMapper    : eeevoo mee
2022-08-23 17:49:07.982  INFO 8724 --- [nio-8080-exec-3] r.infrastructure.mappers.RecipeMapper    : eeevoo mee
2022-08-23 17:49:07.982  INFO 8724 --- [nio-8080-exec-3] r.infrastructure.mappers.RecipeMapper    : eeevoo mee
2022-08-23 17:49:07.982  INFO 8724 --- [nio-8080-exec-3] r.infrastructure.mappers.RecipeMapper    : eeevoo mee
2022-08-23 17:49:07.982  INFO 8724 --- [nio-8080-exec-3] r.infrastructure.mappers.RecipeMapper    : eeevoo mee
2022-08-23 17:49:07.982  INFO 8724 --- [nio-8080-exec-3] r.infrastructure.mappers.RecipeMapper    : eeevoo mee
2022-08-23 17:49:07.983  INFO 8724 --- [nio-8080-exec-3] r.infrastructure.mappers.RecipeMapper    : eeevoo mee
2022-08-23 17:49:07.983  INFO 8724 --- [nio-8080-exec-3] r.infrastructure.mappers.RecipeMapper    : eeevoo mee
?[1;31m
Start test 29?[0m
2022-08-23 17:49:07.997  INFO 8724 --- [nio-8080-exec-6] recipes.web.RecipeController             : search
?[1;31m
Start test 30?[0m
2022-08-23 17:49:08.010  INFO 8724 --- [nio-8080-exec-7] recipes.web.RecipeController             : search
[]
?[1;31m
Start test 31?[0m
2022-08-23 17:49:08.023  INFO 8724 --- [nio-8080-exec-8] recipes.web.RecipeController             : search
?[1;31m
Start test 32?[0m
2022-08-23 17:49:08.032  INFO 8724 --- [nio-8080-exec-9] recipes.web.RecipeController             : search
?[1;31m
Start test 33?[0m
2022-08-23 17:49:08.040  INFO 8724 --- [io-8080-exec-10] recipes.web.RecipeController             : search
?[1;31m
Start test 34?[0m
2022-08-23 17:49:08.049  INFO 8724 --- [nio-8080-exec-1] recipes.web.RecipeController             : search
?[1;31m
Start test 35?[0m
2022-08-23 17:49:08.082  WARN 8724 --- [nio-8080-exec-2] .w.s.m.s.DefaultHandlerExceptionResolver : Resolved [org.springframework.web.bind.MethodArgumentNotValidException: Validation failed for argument [0] in public org.springframework.http.ResponseEntity<recipes.domain.recipe.models.ReturnId> recipes.web.RecipeController.createRecipe(recipes.domain.recipe.models.RecipeDto): [Field error in object 'recipeDto' on field 'name': rejected value [null]; codes [NotBlank.recipeDto.name,NotBlank.name,NotBlank.java.lang.String,NotBlank]; arguments [org.springframework.context.support.DefaultMessageSourceResolvable: codes [recipeDto.name,name]; arguments []; default message [name]]; default message [must not be blank]] ]
?[1;31m
Start test 36?[0m
2022-08-23 17:49:08.099  WARN 8724 --- [nio-8080-exec-5] .w.s.m.s.DefaultHandlerExceptionResolver : Resolved [org.springframework.web.bind.MethodArgumentNotValidException: Validation failed for argument [0] in public org.springframework.http.ResponseEntity<recipes.domain.recipe.models.ReturnId> recipes.web.RecipeController.createRecipe(recipes.domain.recipe.models.RecipeDto): [Field error in object 'recipeDto' on field 'category': rejected value [null]; codes [NotBlank.recipeDto.category,NotBlank.category,NotBlank.java.lang.String,NotBlank]; arguments [org.springframework.context.support.DefaultMessageSourceResolvable: codes [recipeDto.category,category]; arguments []; default message [category]]; default message [must not be blank]] ]
?[1;31m
Start test 37?[0m
2022-08-23 17:49:08.107  WARN 8724 --- [nio-8080-exec-4] .w.s.m.s.DefaultHandlerExceptionResolver : Resolved [org.springframework.web.bind.MethodArgumentNotValidException: Validation failed for argument [0] in public org.springframework.http.ResponseEntity<recipes.domain.recipe.models.ReturnId> recipes.web.RecipeController.createRecipe(recipes.domain.recipe.models.RecipeDto): [Field error in object 'recipeDto' on field 'description': rejected value [null]; codes [NotBlank.recipeDto.description,NotBlank.description,NotBlank.java.lang.String,NotBlank]; arguments [org.springframework.context.support.DefaultMessageSourceResolvable: codes [recipeDto.description,description]; arguments []; default message [description]]; default message [must not be blank]] ]
?[1;31m
Start test 38?[0m
2022-08-23 17:49:08.116  WARN 8724 --- [nio-8080-exec-3] .w.s.m.s.DefaultHandlerExceptionResolver : Resolved [org.springframework.web.bind.MethodArgumentNotValidException: Validation failed for argument [0] in public org.springframework.http.ResponseEntity<recipes.domain.recipe.models.ReturnId> recipes.web.RecipeController.createRecipe(recipes.domain.recipe.models.RecipeDto): [Field error in object 'recipeDto' on field 'ingredients': rejected value [null]; codes [NotEmpty.recipeDto.ingredients,NotEmpty.ingredients,NotEmpty.java.util.List,NotEmpty]; arguments [org.springframework.context.support.DefaultMessageSourceResolvable: codes [recipeDto.ingredients,ingredients]; arguments []; default message [ingredients]]; default message [must not be empty]] ]
?[1;31m
Start test 39?[0m
2022-08-23 17:49:08.124  WARN 8724 --- [nio-8080-exec-6] .w.s.m.s.DefaultHandlerExceptionResolver : Resolved [org.springframework.web.bind.MethodArgumentNotValidException: Validation failed for argument [0] in public org.springframework.http.ResponseEntity<recipes.domain.recipe.models.ReturnId> recipes.web.RecipeController.createRecipe(recipes.domain.recipe.models.RecipeDto): [Field error in object 'recipeDto' on field 'directions': rejected value [null]; codes [NotEmpty.recipeDto.directions,NotEmpty.directions,NotEmpty.java.util.List,NotEmpty]; arguments [org.springframework.context.support.DefaultMessageSourceResolvable: codes [recipeDto.directions,directions]; arguments []; default message [directions]]; default message [must not be empty]] ]
?[1;31m
Start test 40?[0m
2022-08-23 17:49:08.133  WARN 8724 --- [nio-8080-exec-7] .w.s.m.s.DefaultHandlerExceptionResolver : Resolved [org.springframework.web.bind.MethodArgumentNotValidException: Validation failed for argument [0] in public org.springframework.http.ResponseEntity<recipes.domain.recipe.models.ReturnId> recipes.web.RecipeController.createRecipe(recipes.domain.recipe.models.RecipeDto): [Field error in object 'recipeDto' on field 'name': rejected value [  ]; codes [NotBlank.recipeDto.name,NotBlank.name,NotBlank.java.lang.String,NotBlank]; arguments [org.springframework.context.support.DefaultMessageSourceResolvable: codes [recipeDto.name,name]; arguments []; default message [name]]; default message [must not be blank]] ]
?[1;31m
Start test 41?[0m
2022-08-23 17:49:08.140  WARN 8724 --- [nio-8080-exec-8] .w.s.m.s.DefaultHandlerExceptionResolver : Resolved [org.springframework.web.bind.MethodArgumentNotValidException: Validation failed for argument [0] in public org.springframework.http.ResponseEntity<recipes.domain.recipe.models.ReturnId> recipes.web.RecipeController.createRecipe(recipes.domain.recipe.models.RecipeDto): [Field error in object 'recipeDto' on field 'category': rejected value [  ]; codes [NotBlank.recipeDto.category,NotBlank.category,NotBlank.java.lang.String,NotBlank]; arguments [org.springframework.context.support.DefaultMessageSourceResolvable: codes [recipeDto.category,category]; arguments []; default message [category]]; default message [must not be blank]] ]
?[1;31m
Start test 42?[0m
2022-08-23 17:49:08.150  WARN 8724 --- [nio-8080-exec-9] .w.s.m.s.DefaultHandlerExceptionResolver : Resolved [org.springframework.web.bind.MethodArgumentNotValidException: Validation failed for argument [0] in public org.springframework.http.ResponseEntity<recipes.domain.recipe.models.ReturnId> recipes.web.RecipeController.createRecipe(recipes.domain.recipe.models.RecipeDto): [Field error in object 'recipeDto' on field 'description': rejected value [  ]; codes [NotBlank.recipeDto.description,NotBlank.description,NotBlank.java.lang.String,NotBlank]; arguments [org.springframework.context.support.DefaultMessageSourceResolvable: codes [recipeDto.description,description]; arguments []; default message [description]]; default message [must not be blank]] ]
?[1;31m
Start test 43?[0m
2022-08-23 17:49:08.161  WARN 8724 --- [io-8080-exec-10] .w.s.m.s.DefaultHandlerExceptionResolver : Resolved [org.springframework.web.bind.MethodArgumentNotValidException: Validation failed for argument [0] in public org.springframework.http.ResponseEntity<recipes.domain.recipe.models.ReturnId> recipes.web.RecipeController.createRecipe(recipes.domain.recipe.models.RecipeDto): [Field error in object 'recipeDto' on field 'ingredients': rejected value [[]]; codes [NotEmpty.recipeDto.ingredients,NotEmpty.ingredients,NotEmpty.java.util.List,NotEmpty]; arguments [org.springframework.context.support.DefaultMessageSourceResolvable: codes [recipeDto.ingredients,ingredients]; arguments []; default message [ingredients]]; default message [must not be empty]] ]
?[1;31m
Start test 44?[0m
2022-08-23 17:49:08.170  WARN 8724 --- [nio-8080-exec-1] .w.s.m.s.DefaultHandlerExceptionResolver : Resolved [org.springframework.web.bind.MethodArgumentNotValidException: Validation failed for argument [0] in public org.springframework.http.ResponseEntity<recipes.domain.recipe.models.ReturnId> recipes.web.RecipeController.createRecipe(recipes.domain.recipe.models.RecipeDto): [Field error in object 'recipeDto' on field 'directions': rejected value [[]]; codes [NotEmpty.recipeDto.directions,NotEmpty.directions,NotEmpty.java.util.List,NotEmpty]; arguments [org.springframework.context.support.DefaultMessageSourceResolvable: codes [recipeDto.directions,directions]; arguments []; default message [directions]]; default message [must not be empty]] ]
?[1;31m
Start test 45?[0m
2022-08-23 17:49:08.180  WARN 8724 --- [nio-8080-exec-2] .w.s.m.s.DefaultHandlerExceptionResolver : Resolved [org.springframework.web.bind.MethodArgumentNotValidException: Validation failed for argument [1] in public org.springframework.http.ResponseEntity<?> recipes.web.RecipeController.updateRecipe(java.lang.Long,recipes.domain.recipe.models.RecipeDto): [Field error in object 'recipeDto' on field 'name': rejected value [null]; codes [NotBlank.recipeDto.name,NotBlank.name,NotBlank.java.lang.String,NotBlank]; arguments [org.springframework.context.support.DefaultMessageSourceResolvable: codes [recipeDto.name,name]; arguments []; default message [name]]; default message [must not be blank]] ]
?[1;31m
Start test 46?[0m
2022-08-23 17:49:08.191  WARN 8724 --- [nio-8080-exec-5] .w.s.m.s.DefaultHandlerExceptionResolver : Resolved [org.springframework.web.bind.MethodArgumentNotValidException: Validation failed for argument [1] in public org.springframework.http.ResponseEntity<?> recipes.web.RecipeController.updateRecipe(java.lang.Long,recipes.domain.recipe.models.RecipeDto): [Field error in object 'recipeDto' on field 'category': rejected value [null]; codes [NotBlank.recipeDto.category,NotBlank.category,NotBlank.java.lang.String,NotBlank]; arguments [org.springframework.context.support.DefaultMessageSourceResolvable: codes [recipeDto.category,category]; arguments []; default message [category]]; default message [must not be blank]] ]
?[1;31m
Start test 47?[0m
2022-08-23 17:49:08.201  WARN 8724 --- [nio-8080-exec-4] .w.s.m.s.DefaultHandlerExceptionResolver : Resolved [org.springframework.web.bind.MethodArgumentNotValidException: Validation failed for argument [1] in public org.springframework.http.ResponseEntity<?> recipes.web.RecipeController.updateRecipe(java.lang.Long,recipes.domain.recipe.models.RecipeDto): [Field error in object 'recipeDto' on field 'description': rejected value [null]; codes [NotBlank.recipeDto.description,NotBlank.description,NotBlank.java.lang.String,NotBlank]; arguments [org.springframework.context.support.DefaultMessageSourceResolvable: codes [recipeDto.description,description]; arguments []; default message [description]]; default message [must not be blank]] ]
?[1;31m
Start test 48?[0m
2022-08-23 17:49:08.210  WARN 8724 --- [nio-8080-exec-3] .w.s.m.s.DefaultHandlerExceptionResolver : Resolved [org.springframework.web.bind.MethodArgumentNotValidException: Validation failed for argument [1] in public org.springframework.http.ResponseEntity<?> recipes.web.RecipeController.updateRecipe(java.lang.Long,recipes.domain.recipe.models.RecipeDto): [Field error in object 'recipeDto' on field 'ingredients': rejected value [null]; codes [NotEmpty.recipeDto.ingredients,NotEmpty.ingredients,NotEmpty.java.util.List,NotEmpty]; arguments [org.springframework.context.support.DefaultMessageSourceResolvable: codes [recipeDto.ingredients,ingredients]; arguments []; default message [ingredients]]; default message [must not be empty]] ]
?[1;31m
Start test 49?[0m
2022-08-23 17:49:08.220  WARN 8724 --- [nio-8080-exec-6] .w.s.m.s.DefaultHandlerExceptionResolver : Resolved [org.springframework.web.bind.MethodArgumentNotValidException: Validation failed for argument [1] in public org.springframework.http.ResponseEntity<?> recipes.web.RecipeController.updateRecipe(java.lang.Long,recipes.domain.recipe.models.RecipeDto): [Field error in object 'recipeDto' on field 'directions': rejected value [null]; codes [NotEmpty.recipeDto.directions,NotEmpty.directions,NotEmpty.java.util.List,NotEmpty]; arguments [org.springframework.context.support.DefaultMessageSourceResolvable: codes [recipeDto.directions,directions]; arguments []; default message [directions]]; default message [must not be empty]] ]
?[1;31m
Start test 50?[0m
2022-08-23 17:49:08.230  WARN 8724 --- [nio-8080-exec-7] .w.s.m.s.DefaultHandlerExceptionResolver : Resolved [org.springframework.web.bind.MethodArgumentNotValidException: Validation failed for argument [1] in public org.springframework.http.ResponseEntity<?> recipes.web.RecipeController.updateRecipe(java.lang.Long,recipes.domain.recipe.models.RecipeDto): [Field error in object 'recipeDto' on field 'name': rejected value [  ]; codes [NotBlank.recipeDto.name,NotBlank.name,NotBlank.java.lang.String,NotBlank]; arguments [org.springframework.context.support.DefaultMessageSourceResolvable: codes [recipeDto.name,name]; arguments []; default message [name]]; default message [must not be blank]] ]
?[1;31m
Start test 51?[0m
2022-08-23 17:49:08.241  WARN 8724 --- [nio-8080-exec-8] .w.s.m.s.DefaultHandlerExceptionResolver : Resolved [org.springframework.web.bind.MethodArgumentNotValidException: Validation failed for argument [1] in public org.springframework.http.ResponseEntity<?> recipes.web.RecipeController.updateRecipe(java.lang.Long,recipes.domain.recipe.models.RecipeDto): [Field error in object 'recipeDto' on field 'category': rejected value [  ]; codes [NotBlank.recipeDto.category,NotBlank.category,NotBlank.java.lang.String,NotBlank]; arguments [org.springframework.context.support.DefaultMessageSourceResolvable: codes [recipeDto.category,category]; arguments []; default message [category]]; default message [must not be blank]] ]
?[1;31m
Start test 52?[0m
2022-08-23 17:49:08.249  WARN 8724 --- [nio-8080-exec-9] .w.s.m.s.DefaultHandlerExceptionResolver : Resolved [org.springframework.web.bind.MethodArgumentNotValidException: Validation failed for argument [1] in public org.springframework.http.ResponseEntity<?> recipes.web.RecipeController.updateRecipe(java.lang.Long,recipes.domain.recipe.models.RecipeDto): [Field error in object 'recipeDto' on field 'description': rejected value [  ]; codes [NotBlank.recipeDto.description,NotBlank.description,NotBlank.java.lang.String,NotBlank]; arguments [org.springframework.context.support.DefaultMessageSourceResolvable: codes [recipeDto.description,description]; arguments []; default message [description]]; default message [must not be blank]] ]
?[1;31m
Start test 53?[0m
2022-08-23 17:49:08.261  WARN 8724 --- [io-8080-exec-10] .w.s.m.s.DefaultHandlerExceptionResolver : Resolved [org.springframework.web.bind.MethodArgumentNotValidException: Validation failed for argument [1] in public org.springframework.http.ResponseEntity<?> recipes.web.RecipeController.updateRecipe(java.lang.Long,recipes.domain.recipe.models.RecipeDto): [Field error in object 'recipeDto' on field 'ingredients': rejected value [[]]; codes [NotEmpty.recipeDto.ingredients,NotEmpty.ingredients,NotEmpty.java.util.List,NotEmpty]; arguments [org.springframework.context.support.DefaultMessageSourceResolvable: codes [recipeDto.ingredients,ingredients]; arguments []; default message [ingredients]]; default message [must not be empty]] ]
?[1;31m
Start test 54?[0m
2022-08-23 17:49:08.273  WARN 8724 --- [nio-8080-exec-1] .w.s.m.s.DefaultHandlerExceptionResolver : Resolved [org.springframework.web.bind.MethodArgumentNotValidException: Validation failed for argument [1] in public org.springframework.http.ResponseEntity<?> recipes.web.RecipeController.updateRecipe(java.lang.Long,recipes.domain.recipe.models.RecipeDto): [Field error in object 'recipeDto' on field 'directions': rejected value [[]]; codes [NotEmpty.recipeDto.directions,NotEmpty.directions,NotEmpty.java.util.List,NotEmpty]; arguments [org.springframework.context.support.DefaultMessageSourceResolvable: codes [recipeDto.directions,directions]; arguments []; default message [directions]]; default message [must not be empty]] ]
]]></system-out>
  <system-err><![CDATA[]]></system-err>
</testsuite>
